<?xml version="1.0" encoding="UTF-8"?>
<testsuite xmlns:xsi="http://www.w3.org/2001/XMLSchema-instance" xsi:noNamespaceSchemaLocation="https://maven.apache.org/surefire/maven-surefire-plugin/xsd/surefire-test-report.xsd" version="3.0.2" name="com.example.demo.RingBufferTest" time="0.036" tests="13" errors="0" skipped="0" failures="0">
  <properties>
[...]
</properties>
  <testcase name="negativeValues" classname="com.example.demo.RingBufferTest" time="0.004"/>
  <testcase name="capacityOne" classname="com.example.demo.RingBufferTest" time="0.0"/>
  <testcase name="overwriteOldValue" classname="com.example.demo.RingBufferTest" time="0.0"/>
  <testcase name="emptyRead" classname="com.example.demo.RingBufferTest" time="0.0"/>
  <testcase name="slowReaderMissesData" classname="com.example.demo.RingBufferTest" time="0.0"/>
  <testcase name="zeroValue" classname="com.example.demo.RingBufferTest" time="0.0"/>
  <testcase name="newReaderAfterWrites" classname="com.example.demo.RingBufferTest" time="0.0"/>
  <testcase name="readInOrder" classname="com.example.demo.RingBufferTest" time="0.0"/>
  <testcase name="negativeCapacity" classname="com.example.demo.RingBufferTest" time="0.0"/>
  <testcase name="twoReaders" classname="com.example.demo.RingBufferTest" time="0.0"/>
  <testcase name="readThenWriteMore" classname="com.example.demo.RingBufferTest" time="0.0"/>
  <testcase name="oneValue" classname="com.example.demo.RingBufferTest" time="0.0"/>
  <testcase name="zeroCapacity" classname="com.example.demo.RingBufferTest" time="0.0"/>
</testsuite>